lsb_release -r
which clang
/usr/bin/swiftc --driver-mode=swift -L /usr/lib/swift/pm/4 -lPackageDescription -suppress-warnings -swift-version 4 -I /usr/lib/swift/pm/4 -sdk / /root/development/swift/Packages/CodableHelpers/Package.swift -fileno 6
/usr/bin/swift-build-tool -f /root/development/swift/Packages/CodableHelpers/.build/debug.yaml main -v
/usr/bin/swiftc -module-name CodableHelpers -incremental -emit-dependencies -emit-module -emit-module-path /root/development/swift/Packages/CodableHelpers/.build/x86_64-unknown-linux/debug/CodableHelpers.swiftmodule -output-file-map /root/development/swift/Packages/CodableHelpers/.build/x86_64-unknown-linux/debug/CodableHelpers.build/output-file-map.json -parse-as-library -num-threads 4 -c /root/development/swift/Packages/CodableHelpers/Sources/CodableHelpers/bridged/BridgedKeyedDecodingContainer.swift /root/development/swift/Packages/CodableHelpers/Sources/CodableHelpers/bridged/BridgedKeyedEncodingContainer.swift /root/development/swift/Packages/CodableHelpers/Sources/CodableHelpers/catchers/DecoderCatcher.swift /root/development/swift/Packages/CodableHelpers/Sources/CodableHelpers/catchers/EncoderCatcher.swift /root/development/swift/Packages/CodableHelpers/Sources/CodableHelpers/codable/DynamicKey.swift /root/development/swift/Packages/CodableHelpers/Sources/CodableHelpers/CodableSequenceDynamicElementHelper.swift /root/development/swift/Packages/CodableHelpers/Sources/CodableHelpers/CodableSequenceHelper.swift /root/development/swift/Packages/CodableHelpers/Sources/CodableHelpers/coders/BasicCoderBase.swift /root/development/swift/Packages/CodableHelpers/Sources/CodableHelpers/coders/MutableArray+CodableHelpers.swift /root/development/swift/Packages/CodableHelpers/Sources/CodableHelpers/coders/SimpleEncoder.swift /root/development/swift/Packages/CodableHelpers/Sources/CodableHelpers/delayed/DelayedEncodingContainer.swift /root/development/swift/Packages/CodableHelpers/Sources/CodableHelpers/delayed/DelayedKeyedEncodingContainer.swift /root/development/swift/Packages/CodableHelpers/Sources/CodableHelpers/delayed/DelayedUnkeyedEncodingContainer.swift /root/development/swift/Packages/CodableHelpers/Sources/CodableHelpers/extension/DecodingError+CodableSequenceHelper.swift /root/development/swift/Packages/CodableHelpers/Sources/CodableHelpers/filtered/FilteredEncodingContainer.swift /root/development/swift/Packages/CodableHelpers/Sources/CodableHelpers/filtered/FilteredKeyedEncodingContainer.swift /root/development/swift/Packages/CodableHelpers/Sources/CodableHelpers/filtered/FilteredUnkeyedEncodingContainer.swift /root/development/swift/Packages/CodableHelpers/Sources/CodableHelpers/filteredDelayed/FilteredDelayedKeyedEncodingContainer.swift /root/development/swift/Packages/CodableHelpers/Sources/CodableHelpers/filteredDelayed/FilteredDelayedUnkeyedEncodingContainer.swift /root/development/swift/Packages/CodableHelpers/Sources/CodableHelpers/injected/InjectedKeyedDecodingContainer.swift /root/development/swift/Packages/CodableHelpers/Sources/CodableHelpers/injected/InjectedSingleValueDecodingContainer.swift /root/development/swift/Packages/CodableHelpers/Sources/CodableHelpers/injected/InjectedUnkeyedDecodingContainer.swift /root/development/swift/Packages/CodableHelpers/Sources/CodableHelpers/injected/WrappedInjectedKeyedDecodingContainer.swift /root/development/swift/Packages/CodableHelpers/Sources/CodableHelpers/mutableCollections/MutableArray.swift /root/development/swift/Packages/CodableHelpers/Sources/CodableHelpers/mutableCollections/MutableDictionary.swift /root/development/swift/Packages/CodableHelpers/Sources/CodableHelpers/private/OptionalProtocol.swift /root/development/swift/Packages/CodableHelpers/Sources/CodableHelpers/wrapped/WrappedKeyedDecoder.swift /root/development/swift/Packages/CodableHelpers/Sources/CodableHelpers/wrapped/WrappedKeyedEncoder.swift /root/development/swift/Packages/CodableHelpers/Sources/CodableHelpers/wrapped/WrappedSingleValueDecoder.swift /root/development/swift/Packages/CodableHelpers/Sources/CodableHelpers/wrapped/WrappedSingleValueEncoder.swift /root/development/swift/Packages/CodableHelpers/Sources/CodableHelpers/wrapped/WrappedUnkeyedDecoder.swift /root/development/swift/Packages/CodableHelpers/Sources/CodableHelpers/wrapped/WrappedUnKeyedEncoder.swift -I /root/development/swift/Packages/CodableHelpers/.build/x86_64-unknown-linux/debug -swift-version 4 -target x86_64-unknown-linux -sdk / -Onone -g -enable-testing -j4 -DSWIFT_PACKAGE -module-cache-path /root/development/swift/Packages/CodableHelpers/.build/x86_64-unknown-linux/debug/ModuleCache -Xcc -v -v
Swift version 4.1 (swift-4.1-RELEASE)
Target: x86_64-unknown-linux
/usr/bin/swift -frontend -c /root/development/swift/Packages/CodableHelpers/Sources/CodableHelpers/bridged/BridgedKeyedDecodingContainer.swift /root/development/swift/Packages/CodableHelpers/Sources/CodableHelpers/bridged/BridgedKeyedEncodingContainer.swift /root/development/swift/Packages/CodableHelpers/Sources/CodableHelpers/catchers/DecoderCatcher.swift /root/development/swift/Packages/CodableHelpers/Sources/CodableHelpers/catchers/EncoderCatcher.swift /root/development/swift/Packages/CodableHelpers/Sources/CodableHelpers/codable/DynamicKey.swift -primary-file /root/development/swift/Packages/CodableHelpers/Sources/CodableHelpers/CodableSequenceDynamicElementHelper.swift /root/development/swift/Packages/CodableHelpers/Sources/CodableHelpers/CodableSequenceHelper.swift /root/development/swift/Packages/CodableHelpers/Sources/CodableHelpers/coders/BasicCoderBase.swift /root/development/swift/Packages/CodableHelpers/Sources/CodableHelpers/coders/MutableArray+CodableHelpers.swift /root/development/swift/Packages/CodableHelpers/Sources/CodableHelpers/coders/SimpleEncoder.swift /root/development/swift/Packages/CodableHelpers/Sources/CodableHelpers/delayed/DelayedEncodingContainer.swift /root/development/swift/Packages/CodableHelpers/Sources/CodableHelpers/delayed/DelayedKeyedEncodingContainer.swift /root/development/swift/Packages/CodableHelpers/Sources/CodableHelpers/delayed/DelayedUnkeyedEncodingContainer.swift /root/development/swift/Packages/CodableHelpers/Sources/CodableHelpers/extension/DecodingError+CodableSequenceHelper.swift /root/development/swift/Packages/CodableHelpers/Sources/CodableHelpers/filtered/FilteredEncodingContainer.swift /root/development/swift/Packages/CodableHelpers/Sources/CodableHelpers/filtered/FilteredKeyedEncodingContainer.swift /root/development/swift/Packages/CodableHelpers/Sources/CodableHelpers/filtered/FilteredUnkeyedEncodingContainer.swift /root/development/swift/Packages/CodableHelpers/Sources/CodableHelpers/filteredDelayed/FilteredDelayedKeyedEncodingContainer.swift /root/development/swift/Packages/CodableHelpers/Sources/CodableHelpers/filteredDelayed/FilteredDelayedUnkeyedEncodingContainer.swift /root/development/swift/Packages/CodableHelpers/Sources/CodableHelpers/injected/InjectedKeyedDecodingContainer.swift /root/development/swift/Packages/CodableHelpers/Sources/CodableHelpers/injected/InjectedSingleValueDecodingContainer.swift /root/development/swift/Packages/CodableHelpers/Sources/CodableHelpers/injected/InjectedUnkeyedDecodingContainer.swift /root/development/swift/Packages/CodableHelpers/Sources/CodableHelpers/injected/WrappedInjectedKeyedDecodingContainer.swift /root/development/swift/Packages/CodableHelpers/Sources/CodableHelpers/mutableCollections/MutableArray.swift /root/development/swift/Packages/CodableHelpers/Sources/CodableHelpers/mutableCollections/MutableDictionary.swift /root/development/swift/Packages/CodableHelpers/Sources/CodableHelpers/private/OptionalProtocol.swift /root/development/swift/Packages/CodableHelpers/Sources/CodableHelpers/wrapped/WrappedKeyedDecoder.swift /root/development/swift/Packages/CodableHelpers/Sources/CodableHelpers/wrapped/WrappedKeyedEncoder.swift /root/development/swift/Packages/CodableHelpers/Sources/CodableHelpers/wrapped/WrappedSingleValueDecoder.swift /root/development/swift/Packages/CodableHelpers/Sources/CodableHelpers/wrapped/WrappedSingleValueEncoder.swift /root/development/swift/Packages/CodableHelpers/Sources/CodableHelpers/wrapped/WrappedUnkeyedDecoder.swift /root/development/swift/Packages/CodableHelpers/Sources/CodableHelpers/wrapped/WrappedUnKeyedEncoder.swift -target x86_64-unknown-linux -disable-objc-interop -sdk / -I /root/development/swift/Packages/CodableHelpers/.build/x86_64-unknown-linux/debug -enable-testing -g -module-cache-path /root/development/swift/Packages/CodableHelpers/.build/x86_64-unknown-linux/debug/ModuleCache -swift-version 4 -Onone -D SWIFT_PACKAGE -Xcc -v -emit-module-doc-path /root/development/swift/Packages/CodableHelpers/.build/x86_64-unknown-linux/debug/CodableHelpers.build/CodableSequenceDynamicElementHelper~partial.swiftdoc -parse-as-library -module-name CodableHelpers -emit-module-path /root/development/swift/Packages/CodableHelpers/.build/x86_64-unknown-linux/debug/CodableHelpers.build/CodableSequenceDynamicElementHelper~partial.swiftmodule -emit-dependencies-path /root/development/swift/Packages/CodableHelpers/.build/x86_64-unknown-linux/debug/CodableHelpers.build/CodableSequenceDynamicElementHelper.d -emit-reference-dependencies-path /root/development/swift/Packages/CodableHelpers/.build/x86_64-unknown-linux/debug/CodableHelpers.build/CodableSequenceDynamicElementHelper.swiftdeps -num-threads 4 -o /root/development/swift/Packages/CodableHelpers/.build/x86_64-unknown-linux/debug/CodableHelpers.build/CodableSequenceDynamicElementHelper.swift.o
/usr/bin/swift -frontend -c /root/development/swift/Packages/CodableHelpers/Sources/CodableHelpers/bridged/BridgedKeyedDecodingContainer.swift /root/development/swift/Packages/CodableHelpers/Sources/CodableHelpers/bridged/BridgedKeyedEncodingContainer.swift /root/development/swift/Packages/CodableHelpers/Sources/CodableHelpers/catchers/DecoderCatcher.swift /root/development/swift/Packages/CodableHelpers/Sources/CodableHelpers/catchers/EncoderCatcher.swift /root/development/swift/Packages/CodableHelpers/Sources/CodableHelpers/codable/DynamicKey.swift /root/development/swift/Packages/CodableHelpers/Sources/CodableHelpers/CodableSequenceDynamicElementHelper.swift -primary-file /root/development/swift/Packages/CodableHelpers/Sources/CodableHelpers/CodableSequenceHelper.swift /root/development/swift/Packages/CodableHelpers/Sources/CodableHelpers/coders/BasicCoderBase.swift /root/development/swift/Packages/CodableHelpers/Sources/CodableHelpers/coders/MutableArray+CodableHelpers.swift /root/development/swift/Packages/CodableHelpers/Sources/CodableHelpers/coders/SimpleEncoder.swift /root/development/swift/Packages/CodableHelpers/Sources/CodableHelpers/delayed/DelayedEncodingContainer.swift /root/development/swift/Packages/CodableHelpers/Sources/CodableHelpers/delayed/DelayedKeyedEncodingContainer.swift /root/development/swift/Packages/CodableHelpers/Sources/CodableHelpers/delayed/DelayedUnkeyedEncodingContainer.swift /root/development/swift/Packages/CodableHelpers/Sources/CodableHelpers/extension/DecodingError+CodableSequenceHelper.swift /root/development/swift/Packages/CodableHelpers/Sources/CodableHelpers/filtered/FilteredEncodingContainer.swift /root/development/swift/Packages/CodableHelpers/Sources/CodableHelpers/filtered/FilteredKeyedEncodingContainer.swift /root/development/swift/Packages/CodableHelpers/Sources/CodableHelpers/filtered/FilteredUnkeyedEncodingContainer.swift /root/development/swift/Packages/CodableHelpers/Sources/CodableHelpers/filteredDelayed/FilteredDelayedKeyedEncodingContainer.swift /root/development/swift/Packages/CodableHelpers/Sources/CodableHelpers/filteredDelayed/FilteredDelayedUnkeyedEncodingContainer.swift /root/development/swift/Packages/CodableHelpers/Sources/CodableHelpers/injected/InjectedKeyedDecodingContainer.swift /root/development/swift/Packages/CodableHelpers/Sources/CodableHelpers/injected/InjectedSingleValueDecodingContainer.swift /root/development/swift/Packages/CodableHelpers/Sources/CodableHelpers/injected/InjectedUnkeyedDecodingContainer.swift /root/development/swift/Packages/CodableHelpers/Sources/CodableHelpers/injected/WrappedInjectedKeyedDecodingContainer.swift /root/development/swift/Packages/CodableHelpers/Sources/CodableHelpers/mutableCollections/MutableArray.swift /root/development/swift/Packages/CodableHelpers/Sources/CodableHelpers/mutableCollections/MutableDictionary.swift /root/development/swift/Packages/CodableHelpers/Sources/CodableHelpers/private/OptionalProtocol.swift /root/development/swift/Packages/CodableHelpers/Sources/CodableHelpers/wrapped/WrappedKeyedDecoder.swift /root/development/swift/Packages/CodableHelpers/Sources/CodableHelpers/wrapped/WrappedKeyedEncoder.swift /root/development/swift/Packages/CodableHelpers/Sources/CodableHelpers/wrapped/WrappedSingleValueDecoder.swift /root/development/swift/Packages/CodableHelpers/Sources/CodableHelpers/wrapped/WrappedSingleValueEncoder.swift /root/development/swift/Packages/CodableHelpers/Sources/CodableHelpers/wrapped/WrappedUnkeyedDecoder.swift /root/development/swift/Packages/CodableHelpers/Sources/CodableHelpers/wrapped/WrappedUnKeyedEncoder.swift -target x86_64-unknown-linux -disable-objc-interop -sdk / -I /root/development/swift/Packages/CodableHelpers/.build/x86_64-unknown-linux/debug -enable-testing -g -module-cache-path /root/development/swift/Packages/CodableHelpers/.build/x86_64-unknown-linux/debug/ModuleCache -swift-version 4 -Onone -D SWIFT_PACKAGE -Xcc -v -emit-module-doc-path /root/development/swift/Packages/CodableHelpers/.build/x86_64-unknown-linux/debug/CodableHelpers.build/CodableSequenceHelper~partial.swiftdoc -parse-as-library -module-name CodableHelpers -emit-module-path /root/development/swift/Packages/CodableHelpers/.build/x86_64-unknown-linux/debug/CodableHelpers.build/CodableSequenceHelper~partial.swiftmodule -emit-dependencies-path /root/development/swift/Packages/CodableHelpers/.build/x86_64-unknown-linux/debug/CodableHelpers.build/CodableSequenceHelper.d -emit-reference-dependencies-path /root/development/swift/Packages/CodableHelpers/.build/x86_64-unknown-linux/debug/CodableHelpers.build/CodableSequenceHelper.swiftdeps -num-threads 4 -o /root/development/swift/Packages/CodableHelpers/.build/x86_64-unknown-linux/debug/CodableHelpers.build/CodableSequenceHelper.swift.o
clang version 5.0.0 (git@github.com:apple/swift-clang.git cd84be6c4294f9ec302c20c63a601cbaeaa6a017) (git@github.com:apple/swift-llvm.git cf364153438b3ac07a4a7d721159936e439ba2e7)
Target: x86_64-unknown-linux
Thread model: posix
InstalledDir: 
Found candidate GCC installation: //usr/lib/gcc/x86_64-linux-gnu/5
Found candidate GCC installation: //usr/lib/gcc/x86_64-linux-gnu/5.4.0
Found candidate GCC installation: //usr/lib/gcc/x86_64-linux-gnu/6
Found candidate GCC installation: //usr/lib/gcc/x86_64-linux-gnu/6.0.0
Selected GCC installation: //usr/lib/gcc/x86_64-linux-gnu/5.4.0
Candidate multilib: .;@m64
Selected multilib: .;@m64
ignoring nonexistent directory "//include"
#include "..." search starts here:
#include <...> search starts here:
 /usr/lib/swift
 //usr/local/include
 /usr/lib/swift/clang/include
 //usr/include/x86_64-linux-gnu
 //usr/include
End of search list.
clang version 5.0.0 (git@github.com:apple/swift-clang.git cd84be6c4294f9ec302c20c63a601cbaeaa6a017) (git@github.com:apple/swift-llvm.git cf364153438b3ac07a4a7d721159936e439ba2e7)
Target: x86_64-unknown-linux
Thread model: posix
InstalledDir: 
Found candidate GCC installation: //usr/lib/gcc/x86_64-linux-gnu/5
Found candidate GCC installation: //usr/lib/gcc/x86_64-linux-gnu/5.4.0
Found candidate GCC installation: //usr/lib/gcc/x86_64-linux-gnu/6
Found candidate GCC installation: //usr/lib/gcc/x86_64-linux-gnu/6.0.0
Selected GCC installation: //usr/lib/gcc/x86_64-linux-gnu/5.4.0
Candidate multilib: .;@m64
Selected multilib: .;@m64
ignoring nonexistent directory "//include"
#include "..." search starts here:
#include <...> search starts here:
 /usr/lib/swift
 //usr/local/include
 /usr/lib/swift/clang/include
 //usr/include/x86_64-linux-gnu
 //usr/include
End of search list.
/usr/bin/swift -frontend -merge-modules -emit-module /root/development/swift/Packages/CodableHelpers/.build/x86_64-unknown-linux/debug/CodableHelpers.build/BridgedKeyedDecodingContainer~partial.swiftmodule /root/development/swift/Packages/CodableHelpers/.build/x86_64-unknown-linux/debug/CodableHelpers.build/BridgedKeyedEncodingContainer~partial.swiftmodule /root/development/swift/Packages/CodableHelpers/.build/x86_64-unknown-linux/debug/CodableHelpers.build/DecoderCatcher~partial.swiftmodule /root/development/swift/Packages/CodableHelpers/.build/x86_64-unknown-linux/debug/CodableHelpers.build/EncoderCatcher~partial.swiftmodule /root/development/swift/Packages/CodableHelpers/.build/x86_64-unknown-linux/debug/CodableHelpers.build/DynamicKey~partial.swiftmodule /root/development/swift/Packages/CodableHelpers/.build/x86_64-unknown-linux/debug/CodableHelpers.build/CodableSequenceDynamicElementHelper~partial.swiftmodule /root/development/swift/Packages/CodableHelpers/.build/x86_64-unknown-linux/debug/CodableHelpers.build/CodableSequenceHelper~partial.swiftmodule /root/development/swift/Packages/CodableHelpers/.build/x86_64-unknown-linux/debug/CodableHelpers.build/BasicCoderBase~partial.swiftmodule /root/development/swift/Packages/CodableHelpers/.build/x86_64-unknown-linux/debug/CodableHelpers.build/MutableArray+CodableHelpers~partial.swiftmodule /root/development/swift/Packages/CodableHelpers/.build/x86_64-unknown-linux/debug/CodableHelpers.build/SimpleEncoder~partial.swiftmodule /root/development/swift/Packages/CodableHelpers/.build/x86_64-unknown-linux/debug/CodableHelpers.build/DelayedEncodingContainer~partial.swiftmodule /root/development/swift/Packages/CodableHelpers/.build/x86_64-unknown-linux/debug/CodableHelpers.build/DelayedKeyedEncodingContainer~partial.swiftmodule /root/development/swift/Packages/CodableHelpers/.build/x86_64-unknown-linux/debug/CodableHelpers.build/DelayedUnkeyedEncodingContainer~partial.swiftmodule /root/development/swift/Packages/CodableHelpers/.build/x86_64-unknown-linux/debug/CodableHelpers.build/DecodingError+CodableSequenceHelper~partial.swiftmodule /root/development/swift/Packages/CodableHelpers/.build/x86_64-unknown-linux/debug/CodableHelpers.build/FilteredEncodingContainer~partial.swiftmodule /root/development/swift/Packages/CodableHelpers/.build/x86_64-unknown-linux/debug/CodableHelpers.build/FilteredKeyedEncodingContainer~partial.swiftmodule /root/development/swift/Packages/CodableHelpers/.build/x86_64-unknown-linux/debug/CodableHelpers.build/FilteredUnkeyedEncodingContainer~partial.swiftmodule /root/development/swift/Packages/CodableHelpers/.build/x86_64-unknown-linux/debug/CodableHelpers.build/FilteredDelayedKeyedEncodingContainer~partial.swiftmodule /root/development/swift/Packages/CodableHelpers/.build/x86_64-unknown-linux/debug/CodableHelpers.build/FilteredDelayedUnkeyedEncodingContainer~partial.swiftmodule /root/development/swift/Packages/CodableHelpers/.build/x86_64-unknown-linux/debug/CodableHelpers.build/InjectedKeyedDecodingContainer~partial.swiftmodule /root/development/swift/Packages/CodableHelpers/.build/x86_64-unknown-linux/debug/CodableHelpers.build/InjectedSingleValueDecodingContainer~partial.swiftmodule /root/development/swift/Packages/CodableHelpers/.build/x86_64-unknown-linux/debug/CodableHelpers.build/InjectedUnkeyedDecodingContainer~partial.swiftmodule /root/development/swift/Packages/CodableHelpers/.build/x86_64-unknown-linux/debug/CodableHelpers.build/WrappedInjectedKeyedDecodingContainer~partial.swiftmodule /root/development/swift/Packages/CodableHelpers/.build/x86_64-unknown-linux/debug/CodableHelpers.build/MutableArray~partial.swiftmodule /root/development/swift/Packages/CodableHelpers/.build/x86_64-unknown-linux/debug/CodableHelpers.build/MutableDictionary~partial.swiftmodule /root/development/swift/Packages/CodableHelpers/.build/x86_64-unknown-linux/debug/CodableHelpers.build/OptionalProtocol~partial.swiftmodule /root/development/swift/Packages/CodableHelpers/.build/x86_64-unknown-linux/debug/CodableHelpers.build/WrappedKeyedDecoder~partial.swiftmodule /root/development/swift/Packages/CodableHelpers/.build/x86_64-unknown-linux/debug/CodableHelpers.build/WrappedKeyedEncoder~partial.swiftmodule /root/development/swift/Packages/CodableHelpers/.build/x86_64-unknown-linux/debug/CodableHelpers.build/WrappedSingleValueDecoder~partial.swiftmodule /root/development/swift/Packages/CodableHelpers/.build/x86_64-unknown-linux/debug/CodableHelpers.build/WrappedSingleValueEncoder~partial.swiftmodule /root/development/swift/Packages/CodableHelpers/.build/x86_64-unknown-linux/debug/CodableHelpers.build/WrappedUnkeyedDecoder~partial.swiftmodule /root/development/swift/Packages/CodableHelpers/.build/x86_64-unknown-linux/debug/CodableHelpers.build/WrappedUnKeyedEncoder~partial.swiftmodule -parse-as-library -sil-merge-partial-modules -disable-diagnostic-passes -disable-sil-perf-optzns -target x86_64-unknown-linux -disable-objc-interop -sdk / -I /root/development/swift/Packages/CodableHelpers/.build/x86_64-unknown-linux/debug -enable-testing -g -module-cache-path /root/development/swift/Packages/CodableHelpers/.build/x86_64-unknown-linux/debug/ModuleCache -swift-version 4 -Onone -D SWIFT_PACKAGE -Xcc -v -emit-module-doc-path /root/development/swift/Packages/CodableHelpers/.build/x86_64-unknown-linux/debug/CodableHelpers.swiftdoc -module-name CodableHelpers -o /root/development/swift/Packages/CodableHelpers/.build/x86_64-unknown-linux/debug/CodableHelpers.swiftmodule
clang version 5.0.0 (git@github.com:apple/swift-clang.git cd84be6c4294f9ec302c20c63a601cbaeaa6a017) (git@github.com:apple/swift-llvm.git cf364153438b3ac07a4a7d721159936e439ba2e7)
Target: x86_64-unknown-linux
Thread model: posix
InstalledDir: 
Found candidate GCC installation: //usr/lib/gcc/x86_64-linux-gnu/5
Found candidate GCC installation: //usr/lib/gcc/x86_64-linux-gnu/5.4.0
Found candidate GCC installation: //usr/lib/gcc/x86_64-linux-gnu/6
Found candidate GCC installation: //usr/lib/gcc/x86_64-linux-gnu/6.0.0
Selected GCC installation: //usr/lib/gcc/x86_64-linux-gnu/5.4.0
Candidate multilib: .;@m64
Selected multilib: .;@m64
ignoring nonexistent directory "//include"
#include "..." search starts here:
#include <...> search starts here:
 /usr/lib/swift
 //usr/local/include
 /usr/lib/swift/clang/include
 //usr/include/x86_64-linux-gnu
 //usr/include
End of search list.
swift: /home/buildnode/jenkins/workspace/oss-swift-4.1-package-linux-ubuntu-16_04/swift/lib/Serialization/Serialization.cpp:617: TypeID swift::serialization::Serializer::addTypeRef(swift::Type): Assertion `!ty->hasError() && "Serializing error type"' failed.
/usr/bin/swift[0x3f24d54]
/usr/bin/swift[0x3f25096]
/lib/x86_64-linux-gnu/libpthread.so.0(+0x11390)[0x7f87d58da390]
/lib/x86_64-linux-gnu/libc.so.6(gsignal+0x38)[0x7f87d4019428]
/lib/x86_64-linux-gnu/libc.so.6(abort+0x16a)[0x7f87d401b02a]
/lib/x86_64-linux-gnu/libc.so.6(+0x2dbd7)[0x7f87d4011bd7]
/lib/x86_64-linux-gnu/libc.so.6(+0x2dc82)[0x7f87d4011c82]
/usr/bin/swift[0x1443430]
/usr/bin/swift[0x144b111]
/usr/bin/swift[0x144a962]
/usr/bin/swift[0x1459c23]
/usr/bin/swift[0x145b394]
/usr/bin/swift[0x1462223]
/usr/bin/swift[0x14a4e46]
/usr/bin/swift[0x14648e2]
/usr/bin/swift[0x1464657]
/usr/bin/swift[0x4cb1b4]
/usr/bin/swift[0x11bb454]
/usr/bin/swift[0x4c3270]
/usr/bin/swift[0x4beecc]
/usr/bin/swift[0x4778c4]
/lib/x86_64-linux-gnu/libc.so.6(__libc_start_main+0xf0)[0x7f87d4004830]
/usr/bin/swift[0x475179]
Stack dump:
0.	Program arguments: /usr/bin/swift -frontend -merge-modules -emit-module /root/development/swift/Packages/CodableHelpers/.build/x86_64-unknown-linux/debug/CodableHelpers.build/BridgedKeyedDecodingContainer~partial.swiftmodule /root/development/swift/Packages/CodableHelpers/.build/x86_64-unknown-linux/debug/CodableHelpers.build/BridgedKeyedEncodingContainer~partial.swiftmodule /root/development/swift/Packages/CodableHelpers/.build/x86_64-unknown-linux/debug/CodableHelpers.build/DecoderCatcher~partial.swiftmodule /root/development/swift/Packages/CodableHelpers/.build/x86_64-unknown-linux/debug/CodableHelpers.build/EncoderCatcher~partial.swiftmodule /root/development/swift/Packages/CodableHelpers/.build/x86_64-unknown-linux/debug/CodableHelpers.build/DynamicKey~partial.swiftmodule /root/development/swift/Packages/CodableHelpers/.build/x86_64-unknown-linux/debug/CodableHelpers.build/CodableSequenceDynamicElementHelper~partial.swiftmodule /root/development/swift/Packages/CodableHelpers/.build/x86_64-unknown-linux/debug/CodableHelpers.build/CodableSequenceHelper~partial.swiftmodule /root/development/swift/Packages/CodableHelpers/.build/x86_64-unknown-linux/debug/CodableHelpers.build/BasicCoderBase~partial.swiftmodule /root/development/swift/Packages/CodableHelpers/.build/x86_64-unknown-linux/debug/CodableHelpers.build/MutableArray+CodableHelpers~partial.swiftmodule /root/development/swift/Packages/CodableHelpers/.build/x86_64-unknown-linux/debug/CodableHelpers.build/SimpleEncoder~partial.swiftmodule /root/development/swift/Packages/CodableHelpers/.build/x86_64-unknown-linux/debug/CodableHelpers.build/DelayedEncodingContainer~partial.swiftmodule /root/development/swift/Packages/CodableHelpers/.build/x86_64-unknown-linux/debug/CodableHelpers.build/DelayedKeyedEncodingContainer~partial.swiftmodule /root/development/swift/Packages/CodableHelpers/.build/x86_64-unknown-linux/debug/CodableHelpers.build/DelayedUnkeyedEncodingContainer~partial.swiftmodule /root/development/swift/Packages/CodableHelpers/.build/x86_64-unknown-linux/debug/CodableHelpers.build/DecodingError+CodableSequenceHelper~partial.swiftmodule /root/development/swift/Packages/CodableHelpers/.build/x86_64-unknown-linux/debug/CodableHelpers.build/FilteredEncodingContainer~partial.swiftmodule /root/development/swift/Packages/CodableHelpers/.build/x86_64-unknown-linux/debug/CodableHelpers.build/FilteredKeyedEncodingContainer~partial.swiftmodule /root/development/swift/Packages/CodableHelpers/.build/x86_64-unknown-linux/debug/CodableHelpers.build/FilteredUnkeyedEncodingContainer~partial.swiftmodule /root/development/swift/Packages/CodableHelpers/.build/x86_64-unknown-linux/debug/CodableHelpers.build/FilteredDelayedKeyedEncodingContainer~partial.swiftmodule /root/development/swift/Packages/CodableHelpers/.build/x86_64-unknown-linux/debug/CodableHelpers.build/FilteredDelayedUnkeyedEncodingContainer~partial.swiftmodule /root/development/swift/Packages/CodableHelpers/.build/x86_64-unknown-linux/debug/CodableHelpers.build/InjectedKeyedDecodingContainer~partial.swiftmodule /root/development/swift/Packages/CodableHelpers/.build/x86_64-unknown-linux/debug/CodableHelpers.build/InjectedSingleValueDecodingContainer~partial.swiftmodule /root/development/swift/Packages/CodableHelpers/.build/x86_64-unknown-linux/debug/CodableHelpers.build/InjectedUnkeyedDecodingContainer~partial.swiftmodule /root/development/swift/Packages/CodableHelpers/.build/x86_64-unknown-linux/debug/CodableHelpers.build/WrappedInjectedKeyedDecodingContainer~partial.swiftmodule /root/development/swift/Packages/CodableHelpers/.build/x86_64-unknown-linux/debug/CodableHelpers.build/MutableArray~partial.swiftmodule /root/development/swift/Packages/CodableHelpers/.build/x86_64-unknown-linux/debug/CodableHelpers.build/MutableDictionary~partial.swiftmodule /root/development/swift/Packages/CodableHelpers/.build/x86_64-unknown-linux/debug/CodableHelpers.build/OptionalProtocol~partial.swiftmodule /root/development/swift/Packages/CodableHelpers/.build/x86_64-unknown-linux/debug/CodableHelpers.build/WrappedKeyedDecoder~partial.swiftmodule /root/development/swift/Packages/CodableHelpers/.build/x86_64-unknown-linux/debug/CodableHelpers.build/WrappedKeyedEncoder~partial.swiftmodule /root/development/swift/Packages/CodableHelpers/.build/x86_64-unknown-linux/debug/CodableHelpers.build/WrappedSingleValueDecoder~partial.swiftmodule /root/development/swift/Packages/CodableHelpers/.build/x86_64-unknown-linux/debug/CodableHelpers.build/WrappedSingleValueEncoder~partial.swiftmodule /root/development/swift/Packages/CodableHelpers/.build/x86_64-unknown-linux/debug/CodableHelpers.build/WrappedUnkeyedDecoder~partial.swiftmodule /root/development/swift/Packages/CodableHelpers/.build/x86_64-unknown-linux/debug/CodableHelpers.build/WrappedUnKeyedEncoder~partial.swiftmodule -parse-as-library -sil-merge-partial-modules -disable-diagnostic-passes -disable-sil-perf-optzns -target x86_64-unknown-linux -disable-objc-interop -sdk / -I /root/development/swift/Packages/CodableHelpers/.build/x86_64-unknown-linux/debug -enable-testing -g -module-cache-path /root/development/swift/Packages/CodableHelpers/.build/x86_64-unknown-linux/debug/ModuleCache -swift-version 4 -Onone -D SWIFT_PACKAGE -Xcc -v -emit-module-doc-path /root/development/swift/Packages/CodableHelpers/.build/x86_64-unknown-linux/debug/CodableHelpers.swiftdoc -module-name CodableHelpers -o /root/development/swift/Packages/CodableHelpers/.build/x86_64-unknown-linux/debug/CodableHelpers.swiftmodule 
1.	While serializing type 'Ï„_1_0'
<unknown>:0: error: unable to execute command: Aborted
<unknown>:0: error: merge-module command failed due to signal 6 (use -v to see invocation)
